<?xml version="1.0" encoding="UTF-8" ?>
<testsuite tests="3" failures="0" name="Runners.TestRunner" time="24.458" errors="2" skipped="0">
  <properties>
    <property name="java.runtime.name" value="Java(TM) SE Runtime Environment"/>
    <property name="sun.boot.library.path" value="C:\Program Files\Java\jdk1.8.0_171\jre\bin"/>
    <property name="java.vm.version" value="25.171-b11"/>
    <property name="java.vm.vendor" value="Oracle Corporation"/>
    <property name="maven.multiModuleProjectDirectory" value="C:\Users\Pawk71\Desktop\Automatisation-Playwright"/>
    <property name="java.vendor.url" value="http://java.oracle.com/"/>
    <property name="path.separator" value=";"/>
    <property name="guice.disable.misplaced.annotation.check" value="true"/>
    <property name="java.vm.name" value="Java HotSpot(TM) 64-Bit Server VM"/>
    <property name="file.encoding.pkg" value="sun.io"/>
    <property name="user.script" value=""/>
    <property name="user.country" value="FR"/>
    <property name="sun.java.launcher" value="SUN_STANDARD"/>
    <property name="sun.os.patch.level" value=""/>
    <property name="java.vm.specification.name" value="Java Virtual Machine Specification"/>
    <property name="user.dir" value="C:\Users\Pawk71\Desktop\Automatisation-Playwright"/>
    <property name="java.runtime.version" value="1.8.0_171-b11"/>
    <property name="java.awt.graphicsenv" value="sun.awt.Win32GraphicsEnvironment"/>
    <property name="java.endorsed.dirs" value="C:\Program Files\Java\jdk1.8.0_171\jre\lib\endorsed"/>
    <property name="os.arch" value="amd64"/>
    <property name="java.io.tmpdir" value="C:\Users\Pawk71\AppData\Local\Temp\"/>
    <property name="line.separator" value="
"/>
    <property name="java.vm.specification.vendor" value="Oracle Corporation"/>
    <property name="user.variant" value=""/>
    <property name="os.name" value="Windows 10"/>
    <property name="classworlds.conf" value="C:\apache-maven-3.8.4\bin\m2.conf"/>
    <property name="sun.jnu.encoding" value="Cp1252"/>
    <property name="java.library.path" value="C:\Program Files\Java\jdk1.8.0_171\bin;C:\Windows\Sun\Java\bin;C:\Windows\system32;C:\Windows;C:\Program Files (x86)\VMware\VMware Workstation\bin\;C:\Windows\system32;C:\Windows;C:\Windows\System32\Wbem;C:\Windows\System32\WindowsPowerShell\v1.0\;C:\Windows\System32\OpenSSH\;C:\Program Files\nodejs\;C:\android-sdk\tools;C:\android-sdk\platform-tools;C:\apache-maven-3.8.4\bin;C:\ProgramData\chocolatey\bin;C:\Program Files\Git\cmd;C:\Gradle\gradle-7.3.1-bin\gradle-7.3.1\bin;C:\allure-2.17.2\allure-2.17.2\bin;C:\Program Files\Java\jdk1.8.0_171\bin;C:\Users\Pawk71\AppData\Local\Programs\Python\Python39\Scripts\;C:\Users\Pawk71\AppData\Local\Programs\Python\Python39\;C:\Users\Pawk71\AppData\Local\Microsoft\WindowsApps;C:\Users\Pawk71\AppData\Roaming\npm;C:\Users\Pawk71\AppData\Local\Programs\Microsoft VS Code\bin;C:\Users\Pawk71\AppData\Local\Programs\Git\cmd;C:\Users\Pawk71\AppData\Local\JetBrains\IntelliJ IDEA Community Edition 2021.3\bin;;C:\android-sdk\tools;C:\android-sdk\platform-tools;C:\Program Files\Android\Android Studio\bin;;."/>
    <property name="maven.conf" value="C:\apache-maven-3.8.4/conf"/>
    <property name="java.specification.name" value="Java Platform API Specification"/>
    <property name="java.class.version" value="52.0"/>
    <property name="sun.management.compiler" value="HotSpot 64-Bit Tiered Compilers"/>
    <property name="os.version" value="10.0"/>
    <property name="library.jansi.path" value="C:\apache-maven-3.8.4\lib\jansi-native"/>
    <property name="user.home" value="C:\Users\Pawk71"/>
    <property name="user.timezone" value="Europe/Paris"/>
    <property name="java.awt.printerjob" value="sun.awt.windows.WPrinterJob"/>
    <property name="java.specification.version" value="1.8"/>
    <property name="file.encoding" value="Cp1252"/>
    <property name="user.name" value="Pawk71"/>
    <property name="java.class.path" value="C:\apache-maven-3.8.4\boot\plexus-classworlds-2.6.0.jar"/>
    <property name="java.vm.specification.version" value="1.8"/>
    <property name="sun.arch.data.model" value="64"/>
    <property name="java.home" value="C:\Program Files\Java\jdk1.8.0_171\jre"/>
    <property name="sun.java.command" value="org.codehaus.plexus.classworlds.launcher.Launcher clean test"/>
    <property name="java.specification.vendor" value="Oracle Corporation"/>
    <property name="user.language" value="fr"/>
    <property name="awt.toolkit" value="sun.awt.windows.WToolkit"/>
    <property name="java.vm.info" value="mixed mode"/>
    <property name="java.version" value="1.8.0_171"/>
    <property name="java.ext.dirs" value="C:\Program Files\Java\jdk1.8.0_171\jre\lib\ext;C:\Windows\Sun\Java\lib\ext"/>
    <property name="sun.boot.class.path" value="C:\Program Files\Java\jdk1.8.0_171\jre\lib\resources.jar;C:\Program Files\Java\jdk1.8.0_171\jre\lib\rt.jar;C:\Program Files\Java\jdk1.8.0_171\jre\lib\sunrsasign.jar;C:\Program Files\Java\jdk1.8.0_171\jre\lib\jsse.jar;C:\Program Files\Java\jdk1.8.0_171\jre\lib\jce.jar;C:\Program Files\Java\jdk1.8.0_171\jre\lib\charsets.jar;C:\Program Files\Java\jdk1.8.0_171\jre\lib\jfr.jar;C:\Program Files\Java\jdk1.8.0_171\jre\classes"/>
    <property name="sun.stderr.encoding" value="cp850"/>
    <property name="java.vendor" value="Oracle Corporation"/>
    <property name="maven.home" value="C:\apache-maven-3.8.4"/>
    <property name="file.separator" value="\"/>
    <property name="java.vendor.url.bug" value="http://bugreport.sun.com/bugreport/"/>
    <property name="sun.cpu.endian" value="little"/>
    <property name="sun.io.unicode.encoding" value="UnicodeLittle"/>
    <property name="sun.stdout.encoding" value="cp850"/>
    <property name="sun.desktop" value="windows"/>
    <property name="sun.cpu.isalist" value="amd64"/>
  </properties>
  <testcase classname="home #1" name="loginTestCase011 - Login successfully" time="10.302"/>
  <testcase classname="home #1" name="searchTestCase011-valid search" time="7.363">
    <error type="java.lang.NullPointerException">java.lang.NullPointerException
	at step_definitions.homeStep.KeywordSearchWith(homeStep.java:35)
	at ✽.I do a search with &quot;Ampoule&quot;(file:///C:/Users/Pawk71/Desktop/Automatisation-Playwright/src/test/resources/features/home.feature:30)
</error>
    <system-out>
@homeTestsCase @searchTestCase011
Scenario Outline: searchTestCase011-valid search &amp;#27;[90m# src/test/resources/features/home.feature:35&amp;#27;[0m
  &amp;#27;[32mGiven &amp;#27;[0m&amp;#27;[32mI open Ztrain login page&amp;#27;[0m                 &amp;#27;[90m# step_definitions.loginStep.iOpenZtrainLoginPage()&amp;#27;[0m
  &amp;#27;[31mWhen &amp;#27;[0m&amp;#27;[31mI do a search with &amp;#27;[0m&amp;#27;[31m&amp;#27;[1m&quot;Ampoule&quot;&amp;#27;[0m              &amp;#27;[90m# step_definitions.homeStep.KeywordSearchWith(java.lang.String)&amp;#27;[0m
      &amp;#27;[31mjava.lang.NullPointerException
	at step_definitions.homeStep.KeywordSearchWith(homeStep.java:35)
	at âœ½.I do a search with &quot;Ampoule&quot;(file:///C:/Users/Pawk71/Desktop/Automatisation-Playwright/src/test/resources/features/home.feature:30)
&amp;#27;[0m
  &amp;#27;[36mThen &amp;#27;[0m&amp;#27;[36mI see a result&amp;#27;[0m                            &amp;#27;[90m# step_definitions.homeStep.iSeeAMultipleKeywordSearchResultPage()&amp;#27;[0m
</system-out>
  </testcase>
  <testcase classname="home #1" name="logTestCase11 - Logout" time="6.793">
    <error type="java.lang.NullPointerException">java.lang.NullPointerException
	at step_definitions.homeStep.logoutapp(homeStep.java:52)
	at ✽.I clicks to the logout button(file:///C:/Users/Pawk71/Desktop/Automatisation-Playwright/src/test/resources/features/home.feature:48)
</error>
    <system-out>
@homeTestsCase @logTestCase11
Scenario: logTestCase11 - Logout    &amp;#27;[90m# src/test/resources/features/home.feature:47&amp;#27;[0m
  &amp;#27;[32mGiven &amp;#27;[0m&amp;#27;[32mI open Ztrain login page&amp;#27;[0m    &amp;#27;[90m# step_definitions.loginStep.iOpenZtrainLoginPage()&amp;#27;[0m
  &amp;#27;[31mAnd &amp;#27;[0m&amp;#27;[31mI clicks to the logout button&amp;#27;[0m &amp;#27;[90m# step_definitions.homeStep.logoutapp()&amp;#27;[0m
      &amp;#27;[31mjava.lang.NullPointerException
	at step_definitions.homeStep.logoutapp(homeStep.java:52)
	at âœ½.I clicks to the logout button(file:///C:/Users/Pawk71/Desktop/Automatisation-Playwright/src/test/resources/features/home.feature:48)
&amp;#27;[0m
  &amp;#27;[36mThen &amp;#27;[0m&amp;#27;[36mI&apos;m logout&amp;#27;[0m                   &amp;#27;[90m# step_definitions.homeStep.imlogout()&amp;#27;[0m
</system-out>
  </testcase>
</testsuite>